  Projekt.cpp
H:\csapat5\NAGYONVEGSO\Projekt\Projekt\Projekt.cpp(117,23): warning C4018: '<': signed/unsigned mismatch
H:\csapat5\NAGYONVEGSO\Projekt\Projekt\Projekt.cpp(125,23): warning C4018: '<': signed/unsigned mismatch
H:\csapat5\NAGYONVEGSO\Projekt\Projekt\Projekt.cpp(129,23): warning C4018: '<': signed/unsigned mismatch
H:\csapat5\NAGYONVEGSO\Projekt\Projekt\Projekt.cpp(145,23): warning C4018: '<': signed/unsigned mismatch
H:\csapat5\NAGYONVEGSO\Projekt\Projekt\Projekt.cpp(160,14): warning C4018: '<': signed/unsigned mismatch
H:\csapat5\NAGYONVEGSO\Projekt\Projekt\Projekt.cpp(186,29): warning C4018: '<': signed/unsigned mismatch
H:\csapat5\NAGYONVEGSO\Projekt\Projekt\Projekt.cpp(203,26): warning C4018: '<': signed/unsigned mismatch
H:\csapat5\NAGYONVEGSO\Projekt\Projekt\Projekt.cpp(207,26): warning C4018: '<': signed/unsigned mismatch
H:\csapat5\NAGYONVEGSO\Projekt\Projekt\Projekt.cpp(248,14): warning C4018: '<': signed/unsigned mismatch
H:\csapat5\NAGYONVEGSO\Projekt\Projekt\Projekt.cpp(252,11): warning C4018: '<': signed/unsigned mismatch
H:\csapat5\NAGYONVEGSO\Projekt\Projekt\Projekt.cpp(257,27): warning C4018: '<': signed/unsigned mismatch
H:\csapat5\NAGYONVEGSO\Projekt\Projekt\Projekt.cpp(263,27): warning C4018: '<': signed/unsigned mismatch
H:\csapat5\NAGYONVEGSO\Projekt\Projekt\Projekt.cpp(265,31): warning C4018: '<': signed/unsigned mismatch
H:\csapat5\NAGYONVEGSO\Projekt\Projekt\Projekt.cpp(272,83): warning C4244: 'argument': conversion from '_Ty' to 'int', possible loss of data
          with
          [
              _Ty=double
          ]
H:\csapat5\NAGYONVEGSO\Projekt\Projekt\Projekt.cpp(284,43): warning C4018: '<': signed/unsigned mismatch
H:\csapat5\NAGYONVEGSO\Projekt\Projekt\Projekt.cpp(288,95): warning C4244: '+=': conversion from '_Ty' to 'int', possible loss of data
          with
          [
              _Ty=double
          ]
H:\csapat5\NAGYONVEGSO\Projekt\Projekt\Projekt.cpp(323,27): warning C4018: '<': signed/unsigned mismatch
H:\csapat5\NAGYONVEGSO\Projekt\Projekt\Projekt.cpp(355,27): warning C4018: '<': signed/unsigned mismatch
H:\csapat5\NAGYONVEGSO\Projekt\Projekt\Projekt.cpp(363,31): warning C4018: '<': signed/unsigned mismatch
H:\csapat5\NAGYONVEGSO\Projekt\Projekt\Projekt.cpp(381,90): warning C4244: '+=': conversion from '_Ty' to 'int', possible loss of data
          with
          [
              _Ty=double
          ]
  Projekt.vcxproj -> H:\csapat5\NAGYONVEGSO\Projekt\Debug\Projekt.exe
